./CA-transition-path.exe  368  STING-endpoints-AA.pdb  STING-metinout-path-CA  0.3  

 -----------------------------------
 SANM-Minimized Reference Structures
 -----------------------------------
        Energy    RMSD  RMSD-A  RMSD-B
______________________________________
   A    183.29            0.32    3.17
   B    182.86    3.13    3.17    0.32


 F O R W A R D
--------------
 Path Frames
--------------
        Energy    RMSD  RMSD-A  RMSD-B
______________________________________
   1    208.99            0.00    3.22
   2    183.68    0.30    0.30    3.17
--------------------------------------
   3    198.83    0.30    0.45    2.90
   4    217.62    0.30    0.69    2.63
   5    231.54    0.30    0.97    2.37
   6    243.16    0.30    1.25    2.13
   7    248.00    0.29    1.53    1.89
   8    252.60    0.30    1.83    1.67
   9    255.94    0.31    2.12    1.46
  10    260.46    0.30    2.41    1.30
  11    261.54    0.30    2.70    1.18
  12    257.82    0.30    2.98    1.10
  13    244.39    0.30    3.23    1.05
  14    236.96    0.30    3.37    0.99
  15    229.14    0.30    3.47    0.94
  16    217.97    0.30    3.48    0.86
  17    215.61    0.30    3.41    0.76
  18    196.80    0.30    3.31    0.60
  19    192.74    0.30    3.22    0.49


 R E V E R S E
--------------
 Path Frames
--------------
        Energy    RMSD  RMSD-A  RMSD-B
______________________________________
   1    208.99            3.22    0.00
   2    183.54    0.30    3.17    0.30
--------------------------------------
   3    198.41    0.30    2.88    0.44
   4    218.75    0.30    2.62    0.69
   5    231.67    0.30    2.35    0.96
   6    239.22    0.30    2.09    1.25
   7    245.29    0.31    1.84    1.55
   8    251.28    0.30    1.61    1.84
   9    256.38    0.30    1.40    2.13
  10    259.39    0.30    1.23    2.42
  11    254.63    0.30    1.10    2.71
  12    247.46    0.30    1.03    3.00
  13    240.26    0.30    1.00    3.27
  14    232.09    0.30    0.98    3.49
  15    221.78    0.30    0.88    3.54
  16    216.52    0.30    0.76    3.48
  17    209.24    0.30    0.63    3.37
  18    201.32    0.30    0.52    3.24
  19    193.64    0.30    0.46    3.14


------------------------------------
 PLUMED meta-eABF commands - Forward
------------------------------------
    plumed_force = """
#RESTART
UNITS LENGTH=nm TIME=ps ENERGY=kj/mol
TIME LABEL=tim
PATHMSD REFERENCE=STING-metinout-path-CA-forward-plumed.pdb LAMBDA=2490 NEIGH_STRIDE=4 NEIGH_SIZE=8 LABEL=path
CUSTOM ARG=path.zzz FUNC=sqrt(x) PERIODIC=NO LABEL=path_z
DRR ARG=path.sss FULLSAMPLES=2000 GRID_MIN=1 GRID_MAX=21 GRID_SPACING=0.05 TEMP=310 FRICTION=8.0 TAU=0.5 TEXTOUTPUT OUTPUTFREQ=500000 HISTORYFREQ=5000000 DRR_RFILE=drr LABEL=drr
METAD ARG=drr.path.sss_fict SIGMA=0.25 HEIGHT=1.8 PACE=500 GRID_MIN=0 GRID_MAX=22 GRID_SPACING=0.05 BIASFACTOR=20 TEMP=310 FILE=HILLS LABEL=metad
CUSTOM ARG=tim FUNC=0.5*(erf((2000-x)*0.1)+1) PERIODIC=NO LABEL=stp1
CUSTOM ARG=tim FUNC=0.5*(erf((x-2000)*0.1)+1) PERIODIC=NO LABEL=stp2
CUSTOM ARG=tim FUNC=0.5*(erf((3000-x)*0.1)+1) PERIODIC=NO LABEL=stp3
CUSTOM ARG=tim FUNC=0.5*(erf((x-3000)*0.1)+1) PERIODIC=NO LABEL=stp4
CUSTOM ARG=tim FUNC=0.5*(erf((4000-x)*0.1)+1) PERIODIC=NO LABEL=stp5
CUSTOM ARG=tim FUNC=0.5*(erf((x-4000)*0.1)+1) PERIODIC=NO LABEL=stp6
CUSTOM ARG=tim FUNC=0.5*(erf((5000-x)*0.1)+1) PERIODIC=NO LABEL=stp7
CUSTOM ARG=tim FUNC=0.5*(erf((x-5000)*0.1)+1) PERIODIC=NO LABEL=stp8
CUSTOM ARG=stp1,stp2,stp3,stp4,stp5,stp6,stp7,stp8 VAR=x1,x2,x3,x4,x5,x6,x7,x8 FUNC=0.15*x1+0.14*x2*x3+0.13*x4*x5+0.12*x6*x7+0.11*x8 PERIODIC=NO LABEL=max_z
CUSTOM ARG=path_z,max_z FUNC=(y-x)^-1 PERIODIC=NO LABEL=uwz_arg
BIASVALUE ARG=uwz_arg LABEL=uw_path_z
UPPER_WALLS ARG=path.sss AT=21 KAPPA=1000 LABEL=uw_s
LOWER_WALLS ARG=path.sss AT=1  KAPPA=1000 LABEL=lw_s
UPPER_WALLS ARG=drr.path.sss_fict AT=21 KAPPA=1000 LABEL=uw_s_fict
LOWER_WALLS ARG=drr.path.sss_fict AT=1  KAPPA=1000 LABEL=lw_s_fict
PRINT ARG=* STRIDE=1000 FILE=forward-plumed-force.log FMT=%12.4f
FLUSH STRIDE=1000
"""


------------------------------------
 PLUMED meta-eABF commands - Reverse
------------------------------------
    plumed_force = """
#RESTART
UNITS LENGTH=nm TIME=ps ENERGY=kj/mol
TIME LABEL=tim
PATHMSD REFERENCE=STING-metinout-path-CA-reverse-plumed.pdb LAMBDA=2531 NEIGH_STRIDE=4 NEIGH_SIZE=8 LABEL=path
CUSTOM ARG=path.zzz FUNC=sqrt(x) PERIODIC=NO LABEL=path_z
DRR ARG=path.sss FULLSAMPLES=2000 GRID_MIN=1 GRID_MAX=21 GRID_SPACING=0.05 TEMP=310 FRICTION=8.0 TAU=0.5 TEXTOUTPUT OUTPUTFREQ=500000 HISTORYFREQ=5000000 DRR_RFILE=drr LABEL=drr
METAD ARG=drr.path.sss_fict SIGMA=0.25 HEIGHT=1.8 PACE=500 GRID_MIN=0 GRID_MAX=22 GRID_SPACING=0.05 BIASFACTOR=20 TEMP=310 FILE=HILLS LABEL=metad
CUSTOM ARG=tim FUNC=0.5*(erf((2000-x)*0.1)+1) PERIODIC=NO LABEL=stp1
CUSTOM ARG=tim FUNC=0.5*(erf((x-2000)*0.1)+1) PERIODIC=NO LABEL=stp2
CUSTOM ARG=tim FUNC=0.5*(erf((3000-x)*0.1)+1) PERIODIC=NO LABEL=stp3
CUSTOM ARG=tim FUNC=0.5*(erf((x-3000)*0.1)+1) PERIODIC=NO LABEL=stp4
CUSTOM ARG=tim FUNC=0.5*(erf((4000-x)*0.1)+1) PERIODIC=NO LABEL=stp5
CUSTOM ARG=tim FUNC=0.5*(erf((x-4000)*0.1)+1) PERIODIC=NO LABEL=stp6
CUSTOM ARG=tim FUNC=0.5*(erf((5000-x)*0.1)+1) PERIODIC=NO LABEL=stp7
CUSTOM ARG=tim FUNC=0.5*(erf((x-5000)*0.1)+1) PERIODIC=NO LABEL=stp8
CUSTOM ARG=stp1,stp2,stp3,stp4,stp5,stp6,stp7,stp8 VAR=x1,x2,x3,x4,x5,x6,x7,x8 FUNC=0.15*x1+0.14*x2*x3+0.13*x4*x5+0.12*x6*x7+0.11*x8 PERIODIC=NO LABEL=max_z
CUSTOM ARG=path_z,max_z FUNC=(y-x)^-1 PERIODIC=NO LABEL=uwz_arg
BIASVALUE ARG=uwz_arg LABEL=uw_path_z
UPPER_WALLS ARG=path.sss AT=21 KAPPA=1000 LABEL=uw_s
LOWER_WALLS ARG=path.sss AT=1  KAPPA=1000 LABEL=lw_s
UPPER_WALLS ARG=drr.path.sss_fict AT=21 KAPPA=1000 LABEL=uw_s_fict
LOWER_WALLS ARG=drr.path.sss_fict AT=1  KAPPA=1000 LABEL=lw_s_fict
PRINT ARG=* STRIDE=1000 FILE=reverse-plumed-force.log FMT=%12.4f
FLUSH STRIDE=1000
"""
 
 Total execution time 12.9 sec

